<!DOCTYPE html>
<html>

<head>
	<meta charset='utf-8' /> 
	<meta name='description' content='' />
	<meta name='robots' content='noodp, noydir' />
	<meta name='viewport' content='width=device-width, initial-scale=1' />
	<meta id="timeStampFormat" name="timeStampFormat" content='MMM d, yyyy hh:mm:ss a'/>
	
	<link href='https://fonts.googleapis.com/css?family=Source+Sans+Pro:400,600' rel='stylesheet' type='text/css' />
	<link href="https://fonts.googleapis.com/icon?family=Material+Icons" rel="stylesheet" />
	<link href='https://cdn.rawgit.com/extent-framework/extent-github-cdn/191775216e8ce53c38791eb07a1d2f31d0ae11b5/v3html/css/extent.css' type='text/css' rel='stylesheet' />
	
	<title>Updated Test Report.</title>

	<style type='text/css'>
		/* json-tree */
		.jstBracket,.jstComma,.jstValue{white-space:pre-wrap}.jstValue{font-size:10px;font-weight:400;font-family:"Lucida Console",Monaco,monospace}.jstProperty{color:#666;word-wrap:break-word}.jstBool{color:#2525CC}.jstNum{color:#D036D0}.jstNull{color:gray}.jstStr{color:#2DB669}.jstFold:after{content:' -';cursor:pointer}.jstExpand{white-space:normal}.jstExpand:after{content:' +';cursor:pointer}.jstFolded{white-space:normal!important}.jstHiddenBlock{display:none}
			.r-img {width: 10%;}
	</style>
	
	<script type="text/javascript">
		/*! json-tree - v0.2.2 - 2017-09-25, MIT LICENSE */
		var JSONTree=function(){var n={"&":"&amp;","<":"&lt;",">":"&gt;",'"':"&quot;","'":"&#x27;","/":"&#x2F;"},t=0,r=0;this.create=function(n,t){return r+=1,N(u(n,0,!1),{class:"jstValue"})};var e=function(t){return t.replace(/[&<>'"]/g,function(t){return n[t]})},s=function(){return r+"_"+t++},u=function(n,t,r){if(null===n)return f(r?t:0);switch(typeof n){case"boolean":return l(n,r?t:0);case"number":return i(n,r?t:0);case"string":return o(n,r?t:0);default:return n instanceof Array?a(n,t,r):c(n,t,r)}},c=function(n,t,r){var e=s(),u=Object.keys(n).map(function(r){return j(r,n[r],t+1,!0)}).join(m()),c=[g("{",r?t:0,e),N(u,{id:e}),p("}",t)].join("\n");return N(c,{})},a=function(n,t,r){var e=s(),c=n.map(function(n){return u(n,t+1,!0)}).join(m());return[g("[",r?t:0,e),N(c,{id:e}),p("]",t)].join("\n")},o=function(n,t){var r=e(JSON.stringify(n));return N(v(r,t),{class:"jstStr"})},i=function(n,t){return N(v(n,t),{class:"jstNum"})},l=function(n,t){return N(v(n,t),{class:"jstBool"})},f=function(n){return N(v("null",n),{class:"jstNull"})},j=function(n,t,r){var s=v(e(JSON.stringify(n))+": ",r),c=N(u(t,r,!1),{});return N(s+c,{class:"jstProperty"})},m=function(){return N(",\n",{class:"jstComma"})},N=function(n,t){return d("span",t,n)},d=function(n,t,r){return"<"+n+Object.keys(t).map(function(n){return" "+n+'="'+t[n]+'"'}).join("")+">"+r+"</"+n+">"},g=function(n,t,r){return N(v(n,t),{class:"jstBracket"})+N("",{class:"jstFold",onclick:"JSONTree.toggle('"+r+"')"})};this.toggle=function(n){var t=document.getElementById(n),r=t.parentNode,e=t.previousElementSibling;""===t.className?(t.className="jstHiddenBlock",r.className="jstFolded",e.className="jstExpand"):(t.className="",r.className="",e.className="jstFold")};var p=function(n,t){return N(v(n,t),{})},v=function(n,t){return Array(2*t+1).join(" ")+n};return this}();
	</script>
</head>
	<body class='extent standard default hide-overflow '>
		<div id='theme-selector' alt='Click to toggle theme. To enable by default, use theme configuration.' title='Click to toggle theme. To enable by default, use theme configuration.'>
			<span><i class='material-icons'>desktop_windows</i></span>
		</div>
<nav>
	<div class="nav-wrapper">
		<a href="#!" class="brand-logo black"><img src="https://cdn.rawgit.com/extent-framework/extent-github-cdn/d74480e/commons/img/logo.png"></a>
		<!-- slideout menu -->
		<ul id='slide-out' class='side-nav fixed hide-on-med-and-down'>
			<li class='waves-effect active'><a href='#!' view='test-view' onclick="configureView(0);chartsView('test');"><i class='material-icons'>dashboard</i></a></li>
						<li class='waves-effect'><a href='#!' view='category-view' onclick="configureView(1)"><i class='material-icons'>label_outline</i></a></li>
			<li class='waves-effect'><a href='#!' view='exception-view' onclick="configureView(2)"><i class='material-icons'>bug_report</i></a></li>
			<li class='waves-effect'><a href='#!' onclick="configureView(-1);chartsView('dashboard');" view='dashboard-view'><i class='material-icons'>track_changes</i></a></li>
		</ul>
		<!-- report name -->
		<span class='report-name'>Automation_Test_Execution_Report</span>
		<!-- report headline -->
		<span class='report-headline'></span>
		<!-- nav-right -->
		<ul id='nav-mobile' class='right hide-on-med-and-down nav-right'>
			<a href='#!'>
			<span class='label blue darken-3 suite-start-time'>Oct 11, 2021 10:51:54 PM</span>
			</a>
		</ul>
	</div>
</nav>		<!-- container -->
		<div class='container'>
<div id='test-view' class='view'>
	<section id='controls'>
		<div class='controls grey lighten-4'>
			<!-- test toggle -->
			<div class='chip transparent'>
				<a class='dropdown-button tests-toggle' data-activates='tests-toggle' data-constrainwidth='true' data-beloworigin='true' data-hover='true' href='#'>
				<i class='material-icons'>warning</i> Status
				</a>
				<ul id='tests-toggle' class='dropdown-content'>
										<li status='fail'><a href='#!'>Fail <i class='material-icons red-text'>cancel</i></a></li>
					<li class='divider'></li>
					<li status='clear' clear='true'><a href='#!'>Clear Filters <i class='material-icons'>clear</i></a></li>
				</ul>
			</div>
			<!-- test toggle -->
			<!-- category toggle -->
			<div class='chip transparent'>
				<a class='dropdown-button category-toggle' data-activates='category-toggle' data-constrainwidth='false' data-beloworigin='true' data-hover='true' href='#'>
				<i class='material-icons'>local_offer</i> Category
				</a>
				<ul id='category-toggle' class='dropdown-content'>
					<li><a href='#'>get:alldumperids</a></li>
					<li><a href='#'>get:assetlocationsview</a></li>
					<li><a href='#'>get	:getlocations</a></li>
					<li><a href='#'>get:assetview</a></li>
					<li><a href='#'>get:assettrackingforui</a></li>
					<li class='divider'></li>
					<li class='clear'><a href='#!' clear='true'>Clear Filters</a></li>
				</ul>
			</div>
			<!-- category toggle -->
			<!-- clear filters -->
			<div class='chip transparent hide'>
				<a class='' id='clear-filters' alt='Clear Filters' title='Clear Filters'>
				<i class='material-icons'>close</i> Clear
				</a>
			</div>
			<!-- clear filters -->
			<!-- enable dashboard -->
			<div id='toggle-test-view-charts' class='chip transparent'>
				<a class='pink-text' id='enable-dashboard' alt='Enable Dashboard' title='Enable Dashboard'>
				<i class='material-icons'>track_changes</i> Dashboard
				</a>
			</div>
			<!-- enable dashboard -->
			<!-- search -->
			<div class='chip transparent' alt='Search Tests' title='Search Tests'>
				<a href="#" class='search-div'>
				<i class='material-icons'>search</i> Search
				</a>
				<div class='input-field left hide'>
					<input id='search-tests' type='text' class='validate browser-default' placeholder='Search Tests...'>
				</div>
			</div>
			<!-- search -->
		</div>
	</section>
<div id='test-view-charts' class='subview-full'>
	<div id='charts-row' class='row nm-v nm-h'>
		<div class='col s12 m6 l6 np-h'>
			<div class='card-panel nm-v'>
				<div class='left panel-name'>Tests</div>
				<div class='chart-box' style="max-height:94px;">
					<canvas id='parent-analysis' width='100' height='80'></canvas>
				</div>
				<div class='block text-small'>
					<span class='tooltipped' data-position='top' data-tooltip='0%'><span class='strong'>0</span> test(s) passed</span>
				</div>
				<div class='block text-small'>
					<span class='strong tooltipped' data-position='top' data-tooltip='100%'>5</span> test(s) failed, <span class='strong tooltipped' data-position='top' data-tooltip='0%'>0</span> others
				</div>
			</div>
		</div>
		<div class='col s12 m6 l6 np-h'>
			<div class='card-panel nm-v'>
				<div class='left panel-name'>Steps</div>
				<div class='chart-box' style="max-height:94px;">
					<canvas id='child-analysis' width='100' height='80'></canvas>
				</div>
				<div class='block text-small'>
					<span class='tooltipped' data-position='top' data-tooltip='0%'><span class='strong'>0</span> step(s) passed</span>
				</div>
				<div class='block text-small'>
					<span class='strong tooltipped' data-position='top' data-tooltip='100%'>5</span> step(s) failed, <span class='strong tooltipped' data-position='top' data-tooltip='0%'>0</span> others
				</div>
			</div>
		</div>
	</div>
	<div id="timeline-chart" class="row nm-v nm-h">
		<div class="col s12 m12 l12 np-h">
			<div class="card-panel">
				<div class='left panel-name'>Timeline (seconds)</div>
				<div class="chart-box" style="width:98%;max-height:145px;">
					<canvas id="timeline" height="120"></canvas>
				</div>
			</div>
		</div>
	</div>
</div>	<div class='subview-left left'>
		<div class='view-summary'>
			<ul id='test-collection' class='test-collection'>
				<li class='test displayed active has-leaf fail' status='fail' bdd='false' test-id='1'>
					<div class='test-heading'>
						<span class='test-name'>allDumperIds</span>
						<span class='test-time'>Oct 11, 2021 10:51:55 PM</span>
						<span class='test-status right fail'>fail</span>
					</div>
					<div class='test-content hide'>
<div class='test-time-info'>
	<span class='label start-time'>Oct 11, 2021 10:51:55 PM</span>
	<span class='label end-time'>Oct 11, 2021 10:52:01 PM</span>
	<span class='label time-taken grey lighten-1 white-text'>0h 0m 5s+335ms</span>
</div>
<ul class='collapsible node-list' data-collapsible='accordion'>
	<li class='node level-1 leaf fail' status='fail' test-id='2'>
		<div class='collapsible-header'>
			<div class='node-name'>API testing.</div>
			<span class='node-time'>Oct 11, 2021 10:51:55 PM</span>
			&middot; <span class='node-duration'>0h 0m 5s+326ms</span>
			<span class='test-status right fail'>fail</span>
			<div class='category-list'>
				<span class='category label'>get:alldumperids</span>
			</div>
		</div>
		<div class='collapsible-body'>
			<div class='node-steps'>
				<table class='bordered table-results'>
					<thead>
						<tr>
							<th>Status</th>
							<th>Timestamp</th>
							<th>Details</th>
						</tr>
					</thead>
					<tbody>
						<tr class='log' status='info'>
							<td class='status info' title='info' alt='info'><i class='material-icons'>info_outline</i></td>
							<td class='timestamp'>10:51:55 PM</td>
							<td class='step-details'>
									Search with device ID 10009
								
							</td>
						</tr>
						<tr class='log' status='info'>
							<td class='status info' title='info' alt='info'><i class='material-icons'>info_outline</i></td>
							<td class='timestamp'>10:52:01 PM</td>
							<td class='step-details'>
									Test Fail : Unsuccessful Response code received
								
							</td>
						</tr>
						<tr class='log' status='fail'>
							<td class='status fail' title='fail' alt='fail'><i class='material-icons'>cancel</i></td>
							<td class='timestamp'>10:52:01 PM</td>
							<td class='step-details'>
									<span class='badge white-text red'>allDumperIds :Test Cases failed due to:</span>
								
							</td>
						</tr>
						<tr class='log' status='error'>
							<td class='status error' title='error' alt='error'><i class='material-icons'>error</i></td>
							<td class='timestamp'>10:52:01 PM</td>
							<td class='step-details'>
									<pre>java.lang.AssertionError: The following asserts failed:
	Test Fail : Unsuccessful Response code received
	at org.testng.asserts.SoftAssert.assertAll(SoftAssert.java:47)
	at org.testng.asserts.SoftAssert.assertAll(SoftAssert.java:31)
	at Asset_tracker_post.get_001_Dumper_details.allDumperIds(get_001_Dumper_details.java:144)
	at sun.reflect.NativeMethodAccessorImpl.invoke0(Native Method)
	at sun.reflect.NativeMethodAccessorImpl.invoke(NativeMethodAccessorImpl.java:62)
	at sun.reflect.DelegatingMethodAccessorImpl.invoke(DelegatingMethodAccessorImpl.java:43)
	at java.lang.reflect.Method.invoke(Method.java:498)
	at org.testng.internal.MethodInvocationHelper.invokeMethod(MethodInvocationHelper.java:133)
	at org.testng.internal.TestInvoker.invokeMethod(TestInvoker.java:598)
	at org.testng.internal.TestInvoker.invokeTestMethod(TestInvoker.java:173)
	at org.testng.internal.MethodRunner.runInSequence(MethodRunner.java:46)
	at org.testng.internal.TestInvoker$MethodInvocationAgent.invoke(TestInvoker.java:824)
	at org.testng.internal.TestInvoker.invokeTestMethods(TestInvoker.java:146)
	at org.testng.internal.TestMethodWorker.invokeTestMethods(TestMethodWorker.java:146)
	at org.testng.internal.TestMethodWorker.run(TestMethodWorker.java:128)
	at java.util.ArrayList.forEach(ArrayList.java:1257)
	at org.testng.TestRunner.privateRun(TestRunner.java:794)
	at org.testng.TestRunner.run(TestRunner.java:596)
	at org.testng.SuiteRunner.runTest(SuiteRunner.java:377)
	at org.testng.SuiteRunner.runSequentially(SuiteRunner.java:371)
	at org.testng.SuiteRunner.privateRun(SuiteRunner.java:332)
	at org.testng.SuiteRunner.run(SuiteRunner.java:276)
	at org.testng.SuiteRunnerWorker.runSuite(SuiteRunnerWorker.java:53)
	at org.testng.SuiteRunnerWorker.run(SuiteRunnerWorker.java:96)
	at org.testng.TestNG.runSuitesSequentially(TestNG.java:1212)
	at org.testng.TestNG.runSuitesLocally(TestNG.java:1134)
	at org.testng.TestNG.runSuites(TestNG.java:1063)
	at org.testng.TestNG.run(TestNG.java:1031)
	at org.testng.remote.AbstractRemoteTestNG.run(AbstractRemoteTestNG.java:115)
	at org.testng.remote.RemoteTestNG.initAndRun(RemoteTestNG.java:251)
	at org.testng.remote.RemoteTestNG.main(RemoteTestNG.java:77)
</pre>
								
							</td>
						</tr>
					</tbody>
				</table>
			</div>
		</div>
	</li>
</ul>
					</div>
				</li>
				<li class='test displayed active has-leaf fail' status='fail' bdd='false' test-id='3'>
					<div class='test-heading'>
						<span class='test-name'>assetLocationView</span>
						<span class='test-time'>Oct 11, 2021 10:52:01 PM</span>
						<span class='test-status right fail'>fail</span>
					</div>
					<div class='test-content hide'>
<div class='test-time-info'>
	<span class='label start-time'>Oct 11, 2021 10:52:01 PM</span>
	<span class='label end-time'>Oct 11, 2021 10:52:02 PM</span>
	<span class='label time-taken grey lighten-1 white-text'>0h 0m 0s+685ms</span>
</div>
<ul class='collapsible node-list' data-collapsible='accordion'>
	<li class='node level-1 leaf fail' status='fail' test-id='4'>
		<div class='collapsible-header'>
			<div class='node-name'>API testing.</div>
			<span class='node-time'>Oct 11, 2021 10:52:01 PM</span>
			&middot; <span class='node-duration'>0h 0m 0s+678ms</span>
			<span class='test-status right fail'>fail</span>
			<div class='category-list'>
				<span class='category label'>get:assetlocationsview</span>
			</div>
		</div>
		<div class='collapsible-body'>
			<div class='node-steps'>
				<table class='bordered table-results'>
					<thead>
						<tr>
							<th>Status</th>
							<th>Timestamp</th>
							<th>Details</th>
						</tr>
					</thead>
					<tbody>
						<tr class='log' status='info'>
							<td class='status info' title='info' alt='info'><i class='material-icons'>info_outline</i></td>
							<td class='timestamp'>10:52:01 PM</td>
							<td class='step-details'>
									Successful response code received
								
							</td>
						</tr>
						<tr class='log' status='info'>
							<td class='status info' title='info' alt='info'><i class='material-icons'>info_outline</i></td>
							<td class='timestamp'>10:52:01 PM</td>
							<td class='step-details'>
									location ID matched successfully
								
							</td>
						</tr>
						<tr class='log' status='info'>
							<td class='status info' title='info' alt='info'><i class='material-icons'>info_outline</i></td>
							<td class='timestamp'>10:52:02 PM</td>
							<td class='step-details'>
									location Description is matched with response
								
							</td>
						</tr>
						<tr class='log' status='info'>
							<td class='status info' title='info' alt='info'><i class='material-icons'>info_outline</i></td>
							<td class='timestamp'>10:52:02 PM</td>
							<td class='step-details'>
									rFIDReaderCode is matched with response
								
							</td>
						</tr>
						<tr class='log' status='info'>
							<td class='status info' title='info' alt='info'><i class='material-icons'>info_outline</i></td>
							<td class='timestamp'>10:52:02 PM</td>
							<td class='step-details'>
									chAntenna is matched with response
								
							</td>
						</tr>
						<tr class='log' status='info'>
							<td class='status info' title='info' alt='info'><i class='material-icons'>info_outline</i></td>
							<td class='timestamp'>10:52:02 PM</td>
							<td class='step-details'>
									Mismatch : subch and response subch
								
							</td>
						</tr>
						<tr class='log' status='info'>
							<td class='status info' title='info' alt='info'><i class='material-icons'>info_outline</i></td>
							<td class='timestamp'>10:52:02 PM</td>
							<td class='step-details'>
									Test case fail : one of the data is mismatch
								
							</td>
						</tr>
						<tr class='log' status='fail'>
							<td class='status fail' title='fail' alt='fail'><i class='material-icons'>cancel</i></td>
							<td class='timestamp'>10:52:02 PM</td>
							<td class='step-details'>
									<span class='badge white-text red'>assetLocationView :Test Cases failed due to:</span>
								
							</td>
						</tr>
						<tr class='log' status='error'>
							<td class='status error' title='error' alt='error'><i class='material-icons'>error</i></td>
							<td class='timestamp'>10:52:02 PM</td>
							<td class='step-details'>
									<pre>java.lang.AssertionError: The following asserts failed:
	Test Fail : one of the data is mismatch
	at org.testng.asserts.SoftAssert.assertAll(SoftAssert.java:47)
	at org.testng.asserts.SoftAssert.assertAll(SoftAssert.java:31)
	at Asset_tracker_post.get_002_assetlocationsview.assetLocationView(get_002_assetlocationsview.java:159)
	at sun.reflect.NativeMethodAccessorImpl.invoke0(Native Method)
	at sun.reflect.NativeMethodAccessorImpl.invoke(NativeMethodAccessorImpl.java:62)
	at sun.reflect.DelegatingMethodAccessorImpl.invoke(DelegatingMethodAccessorImpl.java:43)
	at java.lang.reflect.Method.invoke(Method.java:498)
	at org.testng.internal.MethodInvocationHelper.invokeMethod(MethodInvocationHelper.java:133)
	at org.testng.internal.TestInvoker.invokeMethod(TestInvoker.java:598)
	at org.testng.internal.TestInvoker.invokeTestMethod(TestInvoker.java:173)
	at org.testng.internal.MethodRunner.runInSequence(MethodRunner.java:46)
	at org.testng.internal.TestInvoker$MethodInvocationAgent.invoke(TestInvoker.java:824)
	at org.testng.internal.TestInvoker.invokeTestMethods(TestInvoker.java:146)
	at org.testng.internal.TestMethodWorker.invokeTestMethods(TestMethodWorker.java:146)
	at org.testng.internal.TestMethodWorker.run(TestMethodWorker.java:128)
	at java.util.ArrayList.forEach(ArrayList.java:1257)
	at org.testng.TestRunner.privateRun(TestRunner.java:794)
	at org.testng.TestRunner.run(TestRunner.java:596)
	at org.testng.SuiteRunner.runTest(SuiteRunner.java:377)
	at org.testng.SuiteRunner.runSequentially(SuiteRunner.java:371)
	at org.testng.SuiteRunner.privateRun(SuiteRunner.java:332)
	at org.testng.SuiteRunner.run(SuiteRunner.java:276)
	at org.testng.SuiteRunnerWorker.runSuite(SuiteRunnerWorker.java:53)
	at org.testng.SuiteRunnerWorker.run(SuiteRunnerWorker.java:96)
	at org.testng.TestNG.runSuitesSequentially(TestNG.java:1212)
	at org.testng.TestNG.runSuitesLocally(TestNG.java:1134)
	at org.testng.TestNG.runSuites(TestNG.java:1063)
	at org.testng.TestNG.run(TestNG.java:1031)
	at org.testng.remote.AbstractRemoteTestNG.run(AbstractRemoteTestNG.java:115)
	at org.testng.remote.RemoteTestNG.initAndRun(RemoteTestNG.java:251)
	at org.testng.remote.RemoteTestNG.main(RemoteTestNG.java:77)
</pre>
								
							</td>
						</tr>
					</tbody>
				</table>
			</div>
		</div>
	</li>
</ul>
					</div>
				</li>
				<li class='test displayed active has-leaf fail' status='fail' bdd='false' test-id='5'>
					<div class='test-heading'>
						<span class='test-name'>assetLocation</span>
						<span class='test-time'>Oct 11, 2021 10:52:02 PM</span>
						<span class='test-status right fail'>fail</span>
					</div>
					<div class='test-content hide'>
<div class='test-time-info'>
	<span class='label start-time'>Oct 11, 2021 10:52:02 PM</span>
	<span class='label end-time'>Oct 11, 2021 10:52:02 PM</span>
	<span class='label time-taken grey lighten-1 white-text'>0h 0m 0s+593ms</span>
</div>
<ul class='collapsible node-list' data-collapsible='accordion'>
	<li class='node level-1 leaf fail' status='fail' test-id='6'>
		<div class='collapsible-header'>
			<div class='node-name'>API testing.</div>
			<span class='node-time'>Oct 11, 2021 10:52:02 PM</span>
			&middot; <span class='node-duration'>0h 0m 0s+592ms</span>
			<span class='test-status right fail'>fail</span>
			<div class='category-list'>
				<span class='category label'>get	:getlocations</span>
			</div>
		</div>
		<div class='collapsible-body'>
			<div class='node-steps'>
				<table class='bordered table-results'>
					<thead>
						<tr>
							<th>Status</th>
							<th>Timestamp</th>
							<th>Details</th>
						</tr>
					</thead>
					<tbody>
						<tr class='log' status='info'>
							<td class='status info' title='info' alt='info'><i class='material-icons'>info_outline</i></td>
							<td class='timestamp'>10:52:02 PM</td>
							<td class='step-details'>
									Successful response code received
								
							</td>
						</tr>
						<tr class='log' status='info'>
							<td class='status info' title='info' alt='info'><i class='material-icons'>info_outline</i></td>
							<td class='timestamp'>10:52:02 PM</td>
							<td class='step-details'>
									location ID matched successfully
								
							</td>
						</tr>
						<tr class='log' status='info'>
							<td class='status info' title='info' alt='info'><i class='material-icons'>info_outline</i></td>
							<td class='timestamp'>10:52:02 PM</td>
							<td class='step-details'>
									location Description is matched with response
								
							</td>
						</tr>
						<tr class='log' status='info'>
							<td class='status info' title='info' alt='info'><i class='material-icons'>info_outline</i></td>
							<td class='timestamp'>10:52:02 PM</td>
							<td class='step-details'>
									Mismatch : rFIDReaderCode and response rFIDReaderCode
								
							</td>
						</tr>
						<tr class='log' status='info'>
							<td class='status info' title='info' alt='info'><i class='material-icons'>info_outline</i></td>
							<td class='timestamp'>10:52:02 PM</td>
							<td class='step-details'>
									chAntenna is matched with response
								
							</td>
						</tr>
						<tr class='log' status='info'>
							<td class='status info' title='info' alt='info'><i class='material-icons'>info_outline</i></td>
							<td class='timestamp'>10:52:02 PM</td>
							<td class='step-details'>
									subch is matched with response
								
							</td>
						</tr>
						<tr class='log' status='info'>
							<td class='status info' title='info' alt='info'><i class='material-icons'>info_outline</i></td>
							<td class='timestamp'>10:52:02 PM</td>
							<td class='step-details'>
									Test case fail : one of the data is mismatch
								
							</td>
						</tr>
						<tr class='log' status='fail'>
							<td class='status fail' title='fail' alt='fail'><i class='material-icons'>cancel</i></td>
							<td class='timestamp'>10:52:02 PM</td>
							<td class='step-details'>
									<span class='badge white-text red'>assetLocation :Test Cases failed due to:</span>
								
							</td>
						</tr>
						<tr class='log' status='error'>
							<td class='status error' title='error' alt='error'><i class='material-icons'>error</i></td>
							<td class='timestamp'>10:52:02 PM</td>
							<td class='step-details'>
									<pre>java.lang.AssertionError: The following asserts failed:
	Test Fail : one of the data is mismatch
	at org.testng.asserts.SoftAssert.assertAll(SoftAssert.java:47)
	at org.testng.asserts.SoftAssert.assertAll(SoftAssert.java:31)
	at Asset_tracker_post.get_003_getlocations.assetLocation(get_003_getlocations.java:149)
	at sun.reflect.NativeMethodAccessorImpl.invoke0(Native Method)
	at sun.reflect.NativeMethodAccessorImpl.invoke(NativeMethodAccessorImpl.java:62)
	at sun.reflect.DelegatingMethodAccessorImpl.invoke(DelegatingMethodAccessorImpl.java:43)
	at java.lang.reflect.Method.invoke(Method.java:498)
	at org.testng.internal.MethodInvocationHelper.invokeMethod(MethodInvocationHelper.java:133)
	at org.testng.internal.TestInvoker.invokeMethod(TestInvoker.java:598)
	at org.testng.internal.TestInvoker.invokeTestMethod(TestInvoker.java:173)
	at org.testng.internal.MethodRunner.runInSequence(MethodRunner.java:46)
	at org.testng.internal.TestInvoker$MethodInvocationAgent.invoke(TestInvoker.java:824)
	at org.testng.internal.TestInvoker.invokeTestMethods(TestInvoker.java:146)
	at org.testng.internal.TestMethodWorker.invokeTestMethods(TestMethodWorker.java:146)
	at org.testng.internal.TestMethodWorker.run(TestMethodWorker.java:128)
	at java.util.ArrayList.forEach(ArrayList.java:1257)
	at org.testng.TestRunner.privateRun(TestRunner.java:794)
	at org.testng.TestRunner.run(TestRunner.java:596)
	at org.testng.SuiteRunner.runTest(SuiteRunner.java:377)
	at org.testng.SuiteRunner.runSequentially(SuiteRunner.java:371)
	at org.testng.SuiteRunner.privateRun(SuiteRunner.java:332)
	at org.testng.SuiteRunner.run(SuiteRunner.java:276)
	at org.testng.SuiteRunnerWorker.runSuite(SuiteRunnerWorker.java:53)
	at org.testng.SuiteRunnerWorker.run(SuiteRunnerWorker.java:96)
	at org.testng.TestNG.runSuitesSequentially(TestNG.java:1212)
	at org.testng.TestNG.runSuitesLocally(TestNG.java:1134)
	at org.testng.TestNG.runSuites(TestNG.java:1063)
	at org.testng.TestNG.run(TestNG.java:1031)
	at org.testng.remote.AbstractRemoteTestNG.run(AbstractRemoteTestNG.java:115)
	at org.testng.remote.RemoteTestNG.initAndRun(RemoteTestNG.java:251)
	at org.testng.remote.RemoteTestNG.main(RemoteTestNG.java:77)
</pre>
								
							</td>
						</tr>
					</tbody>
				</table>
			</div>
		</div>
	</li>
</ul>
					</div>
				</li>
				<li class='test displayed active has-leaf fail' status='fail' bdd='false' test-id='7'>
					<div class='test-heading'>
						<span class='test-name'>assetview</span>
						<span class='test-time'>Oct 11, 2021 10:52:02 PM</span>
						<span class='test-status right fail'>fail</span>
					</div>
					<div class='test-content hide'>
<div class='test-time-info'>
	<span class='label start-time'>Oct 11, 2021 10:52:02 PM</span>
	<span class='label end-time'>Oct 11, 2021 10:52:03 PM</span>
	<span class='label time-taken grey lighten-1 white-text'>0h 0m 0s+642ms</span>
</div>
<ul class='collapsible node-list' data-collapsible='accordion'>
	<li class='node level-1 leaf fail' status='fail' test-id='8'>
		<div class='collapsible-header'>
			<div class='node-name'>API testing.</div>
			<span class='node-time'>Oct 11, 2021 10:52:02 PM</span>
			&middot; <span class='node-duration'>0h 0m 0s+637ms</span>
			<span class='test-status right fail'>fail</span>
			<div class='category-list'>
				<span class='category label'>get:assetview</span>
			</div>
		</div>
		<div class='collapsible-body'>
			<div class='node-steps'>
				<table class='bordered table-results'>
					<thead>
						<tr>
							<th>Status</th>
							<th>Timestamp</th>
							<th>Details</th>
						</tr>
					</thead>
					<tbody>
						<tr class='log' status='info'>
							<td class='status info' title='info' alt='info'><i class='material-icons'>info_outline</i></td>
							<td class='timestamp'>10:52:02 PM</td>
							<td class='step-details'>
									Search with asset code astcode_119
								
							</td>
						</tr>
						<tr class='log' status='info'>
							<td class='status info' title='info' alt='info'><i class='material-icons'>info_outline</i></td>
							<td class='timestamp'>10:52:03 PM</td>
							<td class='step-details'>
									Successful response code received
								
							</td>
						</tr>
						<tr class='log' status='info'>
							<td class='status info' title='info' alt='info'><i class='material-icons'>info_outline</i></td>
							<td class='timestamp'>10:52:03 PM</td>
							<td class='step-details'>
									Test case fail : Response message mismatch
								
							</td>
						</tr>
						<tr class='log' status='fail'>
							<td class='status fail' title='fail' alt='fail'><i class='material-icons'>cancel</i></td>
							<td class='timestamp'>10:52:03 PM</td>
							<td class='step-details'>
									<span class='badge white-text red'>assetview :Test Cases failed due to:</span>
								
							</td>
						</tr>
						<tr class='log' status='error'>
							<td class='status error' title='error' alt='error'><i class='material-icons'>error</i></td>
							<td class='timestamp'>10:52:03 PM</td>
							<td class='step-details'>
									<pre>java.lang.AssertionError: The following asserts failed:
	Test case fail : Response message mismatch 
	at org.testng.asserts.SoftAssert.assertAll(SoftAssert.java:47)
	at org.testng.asserts.SoftAssert.assertAll(SoftAssert.java:31)
	at Asset_tracker_post.get_004_get_Assetview.assetview(get_004_get_Assetview.java:185)
	at sun.reflect.NativeMethodAccessorImpl.invoke0(Native Method)
	at sun.reflect.NativeMethodAccessorImpl.invoke(NativeMethodAccessorImpl.java:62)
	at sun.reflect.DelegatingMethodAccessorImpl.invoke(DelegatingMethodAccessorImpl.java:43)
	at java.lang.reflect.Method.invoke(Method.java:498)
	at org.testng.internal.MethodInvocationHelper.invokeMethod(MethodInvocationHelper.java:133)
	at org.testng.internal.TestInvoker.invokeMethod(TestInvoker.java:598)
	at org.testng.internal.TestInvoker.invokeTestMethod(TestInvoker.java:173)
	at org.testng.internal.MethodRunner.runInSequence(MethodRunner.java:46)
	at org.testng.internal.TestInvoker$MethodInvocationAgent.invoke(TestInvoker.java:824)
	at org.testng.internal.TestInvoker.invokeTestMethods(TestInvoker.java:146)
	at org.testng.internal.TestMethodWorker.invokeTestMethods(TestMethodWorker.java:146)
	at org.testng.internal.TestMethodWorker.run(TestMethodWorker.java:128)
	at java.util.ArrayList.forEach(ArrayList.java:1257)
	at org.testng.TestRunner.privateRun(TestRunner.java:794)
	at org.testng.TestRunner.run(TestRunner.java:596)
	at org.testng.SuiteRunner.runTest(SuiteRunner.java:377)
	at org.testng.SuiteRunner.runSequentially(SuiteRunner.java:371)
	at org.testng.SuiteRunner.privateRun(SuiteRunner.java:332)
	at org.testng.SuiteRunner.run(SuiteRunner.java:276)
	at org.testng.SuiteRunnerWorker.runSuite(SuiteRunnerWorker.java:53)
	at org.testng.SuiteRunnerWorker.run(SuiteRunnerWorker.java:96)
	at org.testng.TestNG.runSuitesSequentially(TestNG.java:1212)
	at org.testng.TestNG.runSuitesLocally(TestNG.java:1134)
	at org.testng.TestNG.runSuites(TestNG.java:1063)
	at org.testng.TestNG.run(TestNG.java:1031)
	at org.testng.remote.AbstractRemoteTestNG.run(AbstractRemoteTestNG.java:115)
	at org.testng.remote.RemoteTestNG.initAndRun(RemoteTestNG.java:251)
	at org.testng.remote.RemoteTestNG.main(RemoteTestNG.java:77)
</pre>
								
							</td>
						</tr>
					</tbody>
				</table>
			</div>
		</div>
	</li>
</ul>
					</div>
				</li>
				<li class='test displayed active has-leaf fail' status='fail' bdd='false' test-id='9'>
					<div class='test-heading'>
						<span class='test-name'>assettrackingforui</span>
						<span class='test-time'>Oct 11, 2021 10:52:03 PM</span>
						<span class='test-status right fail'>fail</span>
					</div>
					<div class='test-content hide'>
<div class='test-time-info'>
	<span class='label start-time'>Oct 11, 2021 10:52:03 PM</span>
	<span class='label end-time'>Oct 11, 2021 10:52:04 PM</span>
	<span class='label time-taken grey lighten-1 white-text'>0h 0m 0s+619ms</span>
</div>
<ul class='collapsible node-list' data-collapsible='accordion'>
	<li class='node level-1 leaf fail' status='fail' test-id='10'>
		<div class='collapsible-header'>
			<div class='node-name'>API testing.</div>
			<span class='node-time'>Oct 11, 2021 10:52:03 PM</span>
			&middot; <span class='node-duration'>0h 0m 0s+610ms</span>
			<span class='test-status right fail'>fail</span>
			<div class='category-list'>
				<span class='category label'>get:assettrackingforui</span>
			</div>
		</div>
		<div class='collapsible-body'>
			<div class='node-steps'>
				<table class='bordered table-results'>
					<thead>
						<tr>
							<th>Status</th>
							<th>Timestamp</th>
							<th>Details</th>
						</tr>
					</thead>
					<tbody>
						<tr class='log' status='info'>
							<td class='status info' title='info' alt='info'><i class='material-icons'>info_outline</i></td>
							<td class='timestamp'>10:52:03 PM</td>
							<td class='step-details'>
									Search with asset Code  astcode_112
								
							</td>
						</tr>
						<tr class='log' status='info'>
							<td class='status info' title='info' alt='info'><i class='material-icons'>info_outline</i></td>
							<td class='timestamp'>10:52:04 PM</td>
							<td class='step-details'>
									Successful response code received
								
							</td>
						</tr>
						<tr class='log' status='info'>
							<td class='status info' title='info' alt='info'><i class='material-icons'>info_outline</i></td>
							<td class='timestamp'>10:52:04 PM</td>
							<td class='step-details'>
									asset Code matched successfully
								
							</td>
						</tr>
						<tr class='log' status='info'>
							<td class='status info' title='info' alt='info'><i class='material-icons'>info_outline</i></td>
							<td class='timestamp'>10:52:04 PM</td>
							<td class='step-details'>
									room Id is matched with response
								
							</td>
						</tr>
						<tr class='log' status='info'>
							<td class='status info' title='info' alt='info'><i class='material-icons'>info_outline</i></td>
							<td class='timestamp'>10:52:04 PM</td>
							<td class='step-details'>
									Mismatch : asset Description and response asset Description
								
							</td>
						</tr>
						<tr class='log' status='info'>
							<td class='status info' title='info' alt='info'><i class='material-icons'>info_outline</i></td>
							<td class='timestamp'>10:52:04 PM</td>
							<td class='step-details'>
									room is matched with response
								
							</td>
						</tr>
						<tr class='log' status='info'>
							<td class='status info' title='info' alt='info'><i class='material-icons'>info_outline</i></td>
							<td class='timestamp'>10:52:04 PM</td>
							<td class='step-details'>
									Test case fail : one of the data is mismatch
								
							</td>
						</tr>
						<tr class='log' status='fail'>
							<td class='status fail' title='fail' alt='fail'><i class='material-icons'>cancel</i></td>
							<td class='timestamp'>10:52:04 PM</td>
							<td class='step-details'>
									<span class='badge white-text red'>assettrackingforui :Test Cases failed due to:</span>
								
							</td>
						</tr>
						<tr class='log' status='error'>
							<td class='status error' title='error' alt='error'><i class='material-icons'>error</i></td>
							<td class='timestamp'>10:52:04 PM</td>
							<td class='step-details'>
									<pre>java.lang.AssertionError: The following asserts failed:
	Test Fail : one of the data is mismatch
	at org.testng.asserts.SoftAssert.assertAll(SoftAssert.java:47)
	at org.testng.asserts.SoftAssert.assertAll(SoftAssert.java:31)
	at Asset_tracker_post.get_005_get_assettrackingforui.assettrackingforui(get_005_get_assettrackingforui.java:151)
	at sun.reflect.NativeMethodAccessorImpl.invoke0(Native Method)
	at sun.reflect.NativeMethodAccessorImpl.invoke(NativeMethodAccessorImpl.java:62)
	at sun.reflect.DelegatingMethodAccessorImpl.invoke(DelegatingMethodAccessorImpl.java:43)
	at java.lang.reflect.Method.invoke(Method.java:498)
	at org.testng.internal.MethodInvocationHelper.invokeMethod(MethodInvocationHelper.java:133)
	at org.testng.internal.TestInvoker.invokeMethod(TestInvoker.java:598)
	at org.testng.internal.TestInvoker.invokeTestMethod(TestInvoker.java:173)
	at org.testng.internal.MethodRunner.runInSequence(MethodRunner.java:46)
	at org.testng.internal.TestInvoker$MethodInvocationAgent.invoke(TestInvoker.java:824)
	at org.testng.internal.TestInvoker.invokeTestMethods(TestInvoker.java:146)
	at org.testng.internal.TestMethodWorker.invokeTestMethods(TestMethodWorker.java:146)
	at org.testng.internal.TestMethodWorker.run(TestMethodWorker.java:128)
	at java.util.ArrayList.forEach(ArrayList.java:1257)
	at org.testng.TestRunner.privateRun(TestRunner.java:794)
	at org.testng.TestRunner.run(TestRunner.java:596)
	at org.testng.SuiteRunner.runTest(SuiteRunner.java:377)
	at org.testng.SuiteRunner.runSequentially(SuiteRunner.java:371)
	at org.testng.SuiteRunner.privateRun(SuiteRunner.java:332)
	at org.testng.SuiteRunner.run(SuiteRunner.java:276)
	at org.testng.SuiteRunnerWorker.runSuite(SuiteRunnerWorker.java:53)
	at org.testng.SuiteRunnerWorker.run(SuiteRunnerWorker.java:96)
	at org.testng.TestNG.runSuitesSequentially(TestNG.java:1212)
	at org.testng.TestNG.runSuitesLocally(TestNG.java:1134)
	at org.testng.TestNG.runSuites(TestNG.java:1063)
	at org.testng.TestNG.run(TestNG.java:1031)
	at org.testng.remote.AbstractRemoteTestNG.run(AbstractRemoteTestNG.java:115)
	at org.testng.remote.RemoteTestNG.initAndRun(RemoteTestNG.java:251)
	at org.testng.remote.RemoteTestNG.main(RemoteTestNG.java:77)
</pre>
								
							</td>
						</tr>
					</tbody>
				</table>
			</div>
		</div>
	</li>
</ul>
					</div>
				</li>
			</ul>
		</div>
	</div>
	<!-- subview left -->
	<div class='subview-right left'>
		<div class='view-summary'>
			<h5 class='test-name'></h5>
			<div id='step-filters' class="right">
				<span class="blue-text" status="info" alt="info" title="info"><i class="material-icons">info_outline</i></span>
				<span class="green-text" status="pass" alt="pass" title="pass"><i class="material-icons">check_circle</i></span>
				<span class="red-text" status="fail" alt="fail" title="fail"><i class="material-icons">cancel</i></span>
				<span class="red-text text-darken-4" status="fatal" alt="fatal" title="fatal"><i class="material-icons">cancel</i></span>
				<span class="pink-text text-lighten-1" status="error" alt="error" title="error"><i class="material-icons">error</i></span>
				<span class="orange-text" alt="warning" status="warning" title="warning"><i class="material-icons">warning</i></span>
				<span class="teal-text" status="skip" alt="skip" title="skip"><i class="material-icons">redo</i></span>
				<span status="clear" alt="Clear filters" title="Clear filters"><i class="material-icons">clear</i></span>
			</div>
		</div>
	</div>
	<!-- subview right -->
</div>
<!-- test view --><div id='category-view' class='view hide'>
	<section id='controls'>
		<div class='controls grey lighten-4'>
			<!-- search -->
			<div class='chip transparent' alt='Search Tests' title='Search Tests'>
				<a href="#" class='search-div'>
				<i class='material-icons'>search</i> Search
				</a>
				<div class='input-field left hide'>
					<input id='search-tests' type='text' class='validate browser-default' placeholder='Search Tests...'>
				</div>
			</div>
			<!-- search -->
		</div>
	</section>
	<div class='subview-left left'>
		<div class='view-summary'>
			<ul id='category-collection' class='category-collection'>
				<li class='category displayed active'>
					<div class='category-heading'>
						<span class='category-name'>get:alldumperids</span>
						<span class='category-status right'>
						<span class='label fail'>1</span>
						</span>
					</div>
					<div class='category-content hide'>
						<div class='category-status-counts'>
							
							<span class='label red lighten-1 white-text'>Failed: 1</span>
							
						</div>
						<div class='category-tests'>
							<table class='bordered table-results'>
								<thead>
									<tr>
										<th>Timestamp</th>
										<th>TestName</th>
										<th>Status</th>
									</tr>
								</thead>
								<tbody>
									<tr>
										<td>Oct 11, 2021 10:51:55 PM</td>
										<td class='linked' test-id='2'>allDumperIds.API testing.</td>
										<td><span class='test-status fail'>fail</span></td>
									</tr>
								</tbody>
							</table>
						</div>
					</div>
				</li>
				<li class='category displayed active'>
					<div class='category-heading'>
						<span class='category-name'>get:assetlocationsview</span>
						<span class='category-status right'>
						<span class='label fail'>1</span>
						</span>
					</div>
					<div class='category-content hide'>
						<div class='category-status-counts'>
							
							<span class='label red lighten-1 white-text'>Failed: 1</span>
							
						</div>
						<div class='category-tests'>
							<table class='bordered table-results'>
								<thead>
									<tr>
										<th>Timestamp</th>
										<th>TestName</th>
										<th>Status</th>
									</tr>
								</thead>
								<tbody>
									<tr>
										<td>Oct 11, 2021 10:52:01 PM</td>
										<td class='linked' test-id='4'>assetLocationView.API testing.</td>
										<td><span class='test-status fail'>fail</span></td>
									</tr>
								</tbody>
							</table>
						</div>
					</div>
				</li>
				<li class='category displayed active'>
					<div class='category-heading'>
						<span class='category-name'>get	:getlocations</span>
						<span class='category-status right'>
						<span class='label fail'>1</span>
						</span>
					</div>
					<div class='category-content hide'>
						<div class='category-status-counts'>
							
							<span class='label red lighten-1 white-text'>Failed: 1</span>
							
						</div>
						<div class='category-tests'>
							<table class='bordered table-results'>
								<thead>
									<tr>
										<th>Timestamp</th>
										<th>TestName</th>
										<th>Status</th>
									</tr>
								</thead>
								<tbody>
									<tr>
										<td>Oct 11, 2021 10:52:02 PM</td>
										<td class='linked' test-id='6'>assetLocation.API testing.</td>
										<td><span class='test-status fail'>fail</span></td>
									</tr>
								</tbody>
							</table>
						</div>
					</div>
				</li>
				<li class='category displayed active'>
					<div class='category-heading'>
						<span class='category-name'>get:assetview</span>
						<span class='category-status right'>
						<span class='label fail'>1</span>
						</span>
					</div>
					<div class='category-content hide'>
						<div class='category-status-counts'>
							
							<span class='label red lighten-1 white-text'>Failed: 1</span>
							
						</div>
						<div class='category-tests'>
							<table class='bordered table-results'>
								<thead>
									<tr>
										<th>Timestamp</th>
										<th>TestName</th>
										<th>Status</th>
									</tr>
								</thead>
								<tbody>
									<tr>
										<td>Oct 11, 2021 10:52:02 PM</td>
										<td class='linked' test-id='8'>assetview.API testing.</td>
										<td><span class='test-status fail'>fail</span></td>
									</tr>
								</tbody>
							</table>
						</div>
					</div>
				</li>
				<li class='category displayed active'>
					<div class='category-heading'>
						<span class='category-name'>get:assettrackingforui</span>
						<span class='category-status right'>
						<span class='label fail'>1</span>
						</span>
					</div>
					<div class='category-content hide'>
						<div class='category-status-counts'>
							
							<span class='label red lighten-1 white-text'>Failed: 1</span>
							
						</div>
						<div class='category-tests'>
							<table class='bordered table-results'>
								<thead>
									<tr>
										<th>Timestamp</th>
										<th>TestName</th>
										<th>Status</th>
									</tr>
								</thead>
								<tbody>
									<tr>
										<td>Oct 11, 2021 10:52:03 PM</td>
										<td class='linked' test-id='10'>assettrackingforui.API testing.</td>
										<td><span class='test-status fail'>fail</span></td>
									</tr>
								</tbody>
							</table>
						</div>
					</div>
				</li>
			</ul>
		</div>
	</div>
	<div class='subview-right left'>
		<div class='view-summary'>
			<h5 class='category-name'></h5>
		</div>
	</div>
</div>
<!-- category view --><div id='exception-view' class='view hide'>
	<section id='controls'>
		<div class='controls grey lighten-4'>
			<!-- search -->
			<div class='chip transparent' alt='Search Tests' title='Search Tests'>
				<a href="#" class='search-div'>
				<i class='material-icons'>search</i> Search
				</a>
				<div class='input-field left hide'>
					<input id='search-tests' type='text' class='validate browser-default' placeholder='Search Tests...'>
				</div>
			</div>
			<!-- search -->
		</div>
	</section>
	<div class='subview-left left'>
		<div class='view-summary'>
			<ul id='exception-collection' class='exception-collection'>
				<li class='exception displayed active'>
					<div class='exception-heading'>
						<span class='exception-name'>java.lang.AssertionError</span>
						<span class='exception-count right'><span class='label red lighten-1 white-text'>5</span></span>
					</div>
					<div class='exception-content hide'>
						<div class='exception-tests'>
							<table class='bordered table-results'>
								<thead>
									<tr>
										<th>Timestamp</th>
										<th>TestName</th>
										<th>Status</th>
									</tr>
								</thead>
								<tbody>
									<tr>
										<td>Oct 11, 2021 10:51:55 PM</td>
										<td class='linked' test-id='2'>allDumperIds.API testing.</td>
										<td>
											<pre>java.lang.AssertionError: The following asserts failed:
	Test Fail : Unsuccessful Response code received
	at org.testng.asserts.SoftAssert.assertAll(SoftAssert.java:47)
	at org.testng.asserts.SoftAssert.assertAll(SoftAssert.java:31)
	at Asset_tracker_post.get_001_Dumper_details.allDumperIds(get_001_Dumper_details.java:144)
	at sun.reflect.NativeMethodAccessorImpl.invoke0(Native Method)
	at sun.reflect.NativeMethodAccessorImpl.invoke(NativeMethodAccessorImpl.java:62)
	at sun.reflect.DelegatingMethodAccessorImpl.invoke(DelegatingMethodAccessorImpl.java:43)
	at java.lang.reflect.Method.invoke(Method.java:498)
	at org.testng.internal.MethodInvocationHelper.invokeMethod(MethodInvocationHelper.java:133)
	at org.testng.internal.TestInvoker.invokeMethod(TestInvoker.java:598)
	at org.testng.internal.TestInvoker.invokeTestMethod(TestInvoker.java:173)
	at org.testng.internal.MethodRunner.runInSequence(MethodRunner.java:46)
	at org.testng.internal.TestInvoker$MethodInvocationAgent.invoke(TestInvoker.java:824)
	at org.testng.internal.TestInvoker.invokeTestMethods(TestInvoker.java:146)
	at org.testng.internal.TestMethodWorker.invokeTestMethods(TestMethodWorker.java:146)
	at org.testng.internal.TestMethodWorker.run(TestMethodWorker.java:128)
	at java.util.ArrayList.forEach(ArrayList.java:1257)
	at org.testng.TestRunner.privateRun(TestRunner.java:794)
	at org.testng.TestRunner.run(TestRunner.java:596)
	at org.testng.SuiteRunner.runTest(SuiteRunner.java:377)
	at org.testng.SuiteRunner.runSequentially(SuiteRunner.java:371)
	at org.testng.SuiteRunner.privateRun(SuiteRunner.java:332)
	at org.testng.SuiteRunner.run(SuiteRunner.java:276)
	at org.testng.SuiteRunnerWorker.runSuite(SuiteRunnerWorker.java:53)
	at org.testng.SuiteRunnerWorker.run(SuiteRunnerWorker.java:96)
	at org.testng.TestNG.runSuitesSequentially(TestNG.java:1212)
	at org.testng.TestNG.runSuitesLocally(TestNG.java:1134)
	at org.testng.TestNG.runSuites(TestNG.java:1063)
	at org.testng.TestNG.run(TestNG.java:1031)
	at org.testng.remote.AbstractRemoteTestNG.run(AbstractRemoteTestNG.java:115)
	at org.testng.remote.RemoteTestNG.initAndRun(RemoteTestNG.java:251)
	at org.testng.remote.RemoteTestNG.main(RemoteTestNG.java:77)
</pre>
										</td>
									</tr>
									<tr>
										<td>Oct 11, 2021 10:52:01 PM</td>
										<td class='linked' test-id='4'>assetLocationView.API testing.</td>
										<td>
											<pre>java.lang.AssertionError: The following asserts failed:
	Test Fail : one of the data is mismatch
	at org.testng.asserts.SoftAssert.assertAll(SoftAssert.java:47)
	at org.testng.asserts.SoftAssert.assertAll(SoftAssert.java:31)
	at Asset_tracker_post.get_002_assetlocationsview.assetLocationView(get_002_assetlocationsview.java:159)
	at sun.reflect.NativeMethodAccessorImpl.invoke0(Native Method)
	at sun.reflect.NativeMethodAccessorImpl.invoke(NativeMethodAccessorImpl.java:62)
	at sun.reflect.DelegatingMethodAccessorImpl.invoke(DelegatingMethodAccessorImpl.java:43)
	at java.lang.reflect.Method.invoke(Method.java:498)
	at org.testng.internal.MethodInvocationHelper.invokeMethod(MethodInvocationHelper.java:133)
	at org.testng.internal.TestInvoker.invokeMethod(TestInvoker.java:598)
	at org.testng.internal.TestInvoker.invokeTestMethod(TestInvoker.java:173)
	at org.testng.internal.MethodRunner.runInSequence(MethodRunner.java:46)
	at org.testng.internal.TestInvoker$MethodInvocationAgent.invoke(TestInvoker.java:824)
	at org.testng.internal.TestInvoker.invokeTestMethods(TestInvoker.java:146)
	at org.testng.internal.TestMethodWorker.invokeTestMethods(TestMethodWorker.java:146)
	at org.testng.internal.TestMethodWorker.run(TestMethodWorker.java:128)
	at java.util.ArrayList.forEach(ArrayList.java:1257)
	at org.testng.TestRunner.privateRun(TestRunner.java:794)
	at org.testng.TestRunner.run(TestRunner.java:596)
	at org.testng.SuiteRunner.runTest(SuiteRunner.java:377)
	at org.testng.SuiteRunner.runSequentially(SuiteRunner.java:371)
	at org.testng.SuiteRunner.privateRun(SuiteRunner.java:332)
	at org.testng.SuiteRunner.run(SuiteRunner.java:276)
	at org.testng.SuiteRunnerWorker.runSuite(SuiteRunnerWorker.java:53)
	at org.testng.SuiteRunnerWorker.run(SuiteRunnerWorker.java:96)
	at org.testng.TestNG.runSuitesSequentially(TestNG.java:1212)
	at org.testng.TestNG.runSuitesLocally(TestNG.java:1134)
	at org.testng.TestNG.runSuites(TestNG.java:1063)
	at org.testng.TestNG.run(TestNG.java:1031)
	at org.testng.remote.AbstractRemoteTestNG.run(AbstractRemoteTestNG.java:115)
	at org.testng.remote.RemoteTestNG.initAndRun(RemoteTestNG.java:251)
	at org.testng.remote.RemoteTestNG.main(RemoteTestNG.java:77)
</pre>
										</td>
									</tr>
									<tr>
										<td>Oct 11, 2021 10:52:02 PM</td>
										<td class='linked' test-id='6'>assetLocation.API testing.</td>
										<td>
											<pre>java.lang.AssertionError: The following asserts failed:
	Test Fail : one of the data is mismatch
	at org.testng.asserts.SoftAssert.assertAll(SoftAssert.java:47)
	at org.testng.asserts.SoftAssert.assertAll(SoftAssert.java:31)
	at Asset_tracker_post.get_003_getlocations.assetLocation(get_003_getlocations.java:149)
	at sun.reflect.NativeMethodAccessorImpl.invoke0(Native Method)
	at sun.reflect.NativeMethodAccessorImpl.invoke(NativeMethodAccessorImpl.java:62)
	at sun.reflect.DelegatingMethodAccessorImpl.invoke(DelegatingMethodAccessorImpl.java:43)
	at java.lang.reflect.Method.invoke(Method.java:498)
	at org.testng.internal.MethodInvocationHelper.invokeMethod(MethodInvocationHelper.java:133)
	at org.testng.internal.TestInvoker.invokeMethod(TestInvoker.java:598)
	at org.testng.internal.TestInvoker.invokeTestMethod(TestInvoker.java:173)
	at org.testng.internal.MethodRunner.runInSequence(MethodRunner.java:46)
	at org.testng.internal.TestInvoker$MethodInvocationAgent.invoke(TestInvoker.java:824)
	at org.testng.internal.TestInvoker.invokeTestMethods(TestInvoker.java:146)
	at org.testng.internal.TestMethodWorker.invokeTestMethods(TestMethodWorker.java:146)
	at org.testng.internal.TestMethodWorker.run(TestMethodWorker.java:128)
	at java.util.ArrayList.forEach(ArrayList.java:1257)
	at org.testng.TestRunner.privateRun(TestRunner.java:794)
	at org.testng.TestRunner.run(TestRunner.java:596)
	at org.testng.SuiteRunner.runTest(SuiteRunner.java:377)
	at org.testng.SuiteRunner.runSequentially(SuiteRunner.java:371)
	at org.testng.SuiteRunner.privateRun(SuiteRunner.java:332)
	at org.testng.SuiteRunner.run(SuiteRunner.java:276)
	at org.testng.SuiteRunnerWorker.runSuite(SuiteRunnerWorker.java:53)
	at org.testng.SuiteRunnerWorker.run(SuiteRunnerWorker.java:96)
	at org.testng.TestNG.runSuitesSequentially(TestNG.java:1212)
	at org.testng.TestNG.runSuitesLocally(TestNG.java:1134)
	at org.testng.TestNG.runSuites(TestNG.java:1063)
	at org.testng.TestNG.run(TestNG.java:1031)
	at org.testng.remote.AbstractRemoteTestNG.run(AbstractRemoteTestNG.java:115)
	at org.testng.remote.RemoteTestNG.initAndRun(RemoteTestNG.java:251)
	at org.testng.remote.RemoteTestNG.main(RemoteTestNG.java:77)
</pre>
										</td>
									</tr>
									<tr>
										<td>Oct 11, 2021 10:52:02 PM</td>
										<td class='linked' test-id='8'>assetview.API testing.</td>
										<td>
											<pre>java.lang.AssertionError: The following asserts failed:
	Test case fail : Response message mismatch 
	at org.testng.asserts.SoftAssert.assertAll(SoftAssert.java:47)
	at org.testng.asserts.SoftAssert.assertAll(SoftAssert.java:31)
	at Asset_tracker_post.get_004_get_Assetview.assetview(get_004_get_Assetview.java:185)
	at sun.reflect.NativeMethodAccessorImpl.invoke0(Native Method)
	at sun.reflect.NativeMethodAccessorImpl.invoke(NativeMethodAccessorImpl.java:62)
	at sun.reflect.DelegatingMethodAccessorImpl.invoke(DelegatingMethodAccessorImpl.java:43)
	at java.lang.reflect.Method.invoke(Method.java:498)
	at org.testng.internal.MethodInvocationHelper.invokeMethod(MethodInvocationHelper.java:133)
	at org.testng.internal.TestInvoker.invokeMethod(TestInvoker.java:598)
	at org.testng.internal.TestInvoker.invokeTestMethod(TestInvoker.java:173)
	at org.testng.internal.MethodRunner.runInSequence(MethodRunner.java:46)
	at org.testng.internal.TestInvoker$MethodInvocationAgent.invoke(TestInvoker.java:824)
	at org.testng.internal.TestInvoker.invokeTestMethods(TestInvoker.java:146)
	at org.testng.internal.TestMethodWorker.invokeTestMethods(TestMethodWorker.java:146)
	at org.testng.internal.TestMethodWorker.run(TestMethodWorker.java:128)
	at java.util.ArrayList.forEach(ArrayList.java:1257)
	at org.testng.TestRunner.privateRun(TestRunner.java:794)
	at org.testng.TestRunner.run(TestRunner.java:596)
	at org.testng.SuiteRunner.runTest(SuiteRunner.java:377)
	at org.testng.SuiteRunner.runSequentially(SuiteRunner.java:371)
	at org.testng.SuiteRunner.privateRun(SuiteRunner.java:332)
	at org.testng.SuiteRunner.run(SuiteRunner.java:276)
	at org.testng.SuiteRunnerWorker.runSuite(SuiteRunnerWorker.java:53)
	at org.testng.SuiteRunnerWorker.run(SuiteRunnerWorker.java:96)
	at org.testng.TestNG.runSuitesSequentially(TestNG.java:1212)
	at org.testng.TestNG.runSuitesLocally(TestNG.java:1134)
	at org.testng.TestNG.runSuites(TestNG.java:1063)
	at org.testng.TestNG.run(TestNG.java:1031)
	at org.testng.remote.AbstractRemoteTestNG.run(AbstractRemoteTestNG.java:115)
	at org.testng.remote.RemoteTestNG.initAndRun(RemoteTestNG.java:251)
	at org.testng.remote.RemoteTestNG.main(RemoteTestNG.java:77)
</pre>
										</td>
									</tr>
									<tr>
										<td>Oct 11, 2021 10:52:03 PM</td>
										<td class='linked' test-id='10'>assettrackingforui.API testing.</td>
										<td>
											<pre>java.lang.AssertionError: The following asserts failed:
	Test Fail : one of the data is mismatch
	at org.testng.asserts.SoftAssert.assertAll(SoftAssert.java:47)
	at org.testng.asserts.SoftAssert.assertAll(SoftAssert.java:31)
	at Asset_tracker_post.get_005_get_assettrackingforui.assettrackingforui(get_005_get_assettrackingforui.java:151)
	at sun.reflect.NativeMethodAccessorImpl.invoke0(Native Method)
	at sun.reflect.NativeMethodAccessorImpl.invoke(NativeMethodAccessorImpl.java:62)
	at sun.reflect.DelegatingMethodAccessorImpl.invoke(DelegatingMethodAccessorImpl.java:43)
	at java.lang.reflect.Method.invoke(Method.java:498)
	at org.testng.internal.MethodInvocationHelper.invokeMethod(MethodInvocationHelper.java:133)
	at org.testng.internal.TestInvoker.invokeMethod(TestInvoker.java:598)
	at org.testng.internal.TestInvoker.invokeTestMethod(TestInvoker.java:173)
	at org.testng.internal.MethodRunner.runInSequence(MethodRunner.java:46)
	at org.testng.internal.TestInvoker$MethodInvocationAgent.invoke(TestInvoker.java:824)
	at org.testng.internal.TestInvoker.invokeTestMethods(TestInvoker.java:146)
	at org.testng.internal.TestMethodWorker.invokeTestMethods(TestMethodWorker.java:146)
	at org.testng.internal.TestMethodWorker.run(TestMethodWorker.java:128)
	at java.util.ArrayList.forEach(ArrayList.java:1257)
	at org.testng.TestRunner.privateRun(TestRunner.java:794)
	at org.testng.TestRunner.run(TestRunner.java:596)
	at org.testng.SuiteRunner.runTest(SuiteRunner.java:377)
	at org.testng.SuiteRunner.runSequentially(SuiteRunner.java:371)
	at org.testng.SuiteRunner.privateRun(SuiteRunner.java:332)
	at org.testng.SuiteRunner.run(SuiteRunner.java:276)
	at org.testng.SuiteRunnerWorker.runSuite(SuiteRunnerWorker.java:53)
	at org.testng.SuiteRunnerWorker.run(SuiteRunnerWorker.java:96)
	at org.testng.TestNG.runSuitesSequentially(TestNG.java:1212)
	at org.testng.TestNG.runSuitesLocally(TestNG.java:1134)
	at org.testng.TestNG.runSuites(TestNG.java:1063)
	at org.testng.TestNG.run(TestNG.java:1031)
	at org.testng.remote.AbstractRemoteTestNG.run(AbstractRemoteTestNG.java:115)
	at org.testng.remote.RemoteTestNG.initAndRun(RemoteTestNG.java:251)
	at org.testng.remote.RemoteTestNG.main(RemoteTestNG.java:77)
</pre>
										</td>
									</tr>
								</tbody>
							</table>
						</div>
					</div>
				</li>
			</ul>
		</div>
	</div>
	<div class='subview-right left'>
		<div class='view-summary'>
			<h5 class='exception-name'></h5>
		</div>
	</div>
</div>
<!-- exception view --><div id='dashboard-view' class='view hide'>
	<div class='card-panel transparent np-v'>
		<h5>Dashboard</h5>

		<div class='row'>
			<div class='col s2'>
				<div class='card-panel r'>
					Tests
					<div class='panel-lead'>5</div>
				</div>
			</div>
			<div class='col s2'>
				<div class='card-panel r'>
					Steps
					<div class='panel-lead'>5</div>
				</div>
			</div>
			<div class='col s2'>
				<div class='card-panel r'>
					Start
					<div class='panel-lead'>Oct 11, 2021 10:51:54 PM</div>
				</div>
			</div>
			<div class='col s2'>
				<div class='card-panel r'>
			 		End
			 		<div class='panel-lead'>Oct 11, 2021 10:51:54 PM</div>
				</div>
			</div>
			<div class='col s2'>
				<div class='card-panel r'>
					Time Taken
					<div class='panel-lead'>0h 0m 0s+0ms</div>
				</div>
			</div>
			<div class='col s4'>
				<div class='card-panel dashboard-environment'>
					<span class='right label cyan white-text'>Environment</span><p>&nbsp;</p>
					
					<table>
						<tr>
							<th>Name</th>
							<th>Value</th>
						</tr>
							<tr>
								<td>Executed Platfom:</td>
								<td>WEB APPLICATION</td>
							</tr>
							<tr>
								<td>Executed By</td>
								<td>Pavan.M</td>
							</tr>
							<tr>
								<td>Frome Machine: </td>
								<td>DESKTOP-7L0O1SK</td>
							</tr>
							<tr>
								<td>From IP Address: </td>
								<td>192.168.47.1</td>
							</tr>
					</table>
				</div>
			</div>
			<div class='col s6'>
				<div class='card-panel dashboard-categories'>
					<span class='right label cyan white-text'>Categories</span><p>&nbsp;</p>
					
					<table>
						<tr>
							<th>Name</th>
							<th>Passed</th>
							<th>Failed</th>
							<th>Others</th>
							<th>Passed %</th>
						</tr>
						<tr>
							<td>get:alldumperids</td>
							<td>0</td>
							<td>1</td>
							<td>0</td>
							<td>
									0%
							</td>
						</tr>
						<tr>
							<td>get:assetlocationsview</td>
							<td>0</td>
							<td>1</td>
							<td>0</td>
							<td>
									0%
							</td>
						</tr>
						<tr>
							<td>get	:getlocations</td>
							<td>0</td>
							<td>1</td>
							<td>0</td>
							<td>
									0%
							</td>
						</tr>
						<tr>
							<td>get:assetview</td>
							<td>0</td>
							<td>1</td>
							<td>0</td>
							<td>
									0%
							</td>
						</tr>
						<tr>
							<td>get:assettrackingforui</td>
							<td>0</td>
							<td>1</td>
							<td>0</td>
							<td>
									0%
							</td>
						</tr>
					</table>
				</div>
			</div>
		</div>
	</div>
</div>
<!-- dashboard view -->
<!-- testrunner-logs view -->		</div>
		<!-- container -->
		<script>
			var statusGroup = {
				passParent: 0,
				failParent: 5,
				fatalParent: 0,
				errorParent: 0,
				warningParent: 0,
				skipParent: 0,
				exceptionsParent: 5,
				
				passChild: 0,
				failChild: 5,
				fatalChild: 0,
				errorChild: 0,
				warningChild: 0,
				skipChild: 0,
				infoChild: 0,
				debugChild: 0,
				exceptionsChild: 5,
				
				passGrandChild: 0,
				failGrandChild: 0,
				fatalGrandChild: 0,
				errorGrandChild: 0,
				warningGrandChild: 0,
				skipGrandChild: 0,
				infoGrandChild: 0,
				debugGrandChild: 0,
				exceptionsGrandChild: 0,
			};
		</script>
		<script>
			var timeline = {
			        "allDumperIds":5.335,"assetLocationView":0.685,"assetLocation":0.593,"assetview":0.642,"assettrackingforui":0.619
			};
		</script>
		<script src='https://cdn.rawgit.com/extent-framework/extent-github-cdn/master/v3html/js/extent.js' type='text/javascript'></script>
		<script type='text/javascript'>
		</script>
	</body>
</html>